<?xml version="1.0" encoding="UTF-8"?>
<!-- Generated by org.testng.reporters.JUnitReportReporter -->
<testsuite hostname="Yunuss-MacBook-Pro.local" failures="0" tests="1" name="com.android.Test1.AppTest" time="1.101" errors="0" timestamp="20 Jun 2019 22:11:34 GMT" skipped="0">
  <testcase classname="com.android.Test1.AppTest" name="myFirstTest" time="1.101"/>
</testsuite> <!-- com.android.Test1.AppTest -->
