<?xml version="1.0" encoding="UTF-8"?>
<!-- Generated by org.testng.reporters.JUnitReportReporter -->
<testsuite hostname="Yunuss-MacBook-Pro.local" failures="0" tests="2" name="com.androidTest1.AppiumTest" time="5.856" errors="0" timestamp="20 Jun 2019 22:49:40 GMT" skipped="1">
  <testcase classname="com.androidTest1.AppiumTest" name="googlePlaySearchBox" time="5.856"/>
  <testcase classname="com.androidTest1.AppiumTest" name="openCalculator">
    <skipped/>
  </testcase> <!-- openCalculator -->
</testsuite> <!-- com.androidTest1.AppiumTest -->
